0 info it worked if it ends with ok
1 verbose cli [ '/usr/local/bin/node', '/usr/local/bin/npm', 'run', 'debug' ]
2 info using npm@3.10.3
3 info using node@v7.10.0
4 verbose run-script [ 'predebug', 'debug', 'postdebug' ]
5 info lifecycle eat-record@1.0.3~predebug: eat-record@1.0.3
6 silly lifecycle eat-record@1.0.3~predebug: no script for predebug, continuing
7 info lifecycle eat-record@1.0.3~debug: eat-record@1.0.3
8 verbose lifecycle eat-record@1.0.3~debug: unsafe-perm in lifecycle true
9 verbose lifecycle eat-record@1.0.3~debug: PATH: /usr/local/lib/node_modules/npm/bin/node-gyp-bin:/Users/kk/tests/eat-record/node_modules/.bin:/usr/local/bin:/usr/local/bin:/usr/local/bin:/usr/bin:/bin:/usr/sbin:/sbin:/usr/local/apache-tomcat-6.0.44/bin
10 verbose lifecycle eat-record@1.0.3~debug: CWD: /Users/kk/tests/eat-record
11 silly lifecycle eat-record@1.0.3~debug: Args: [ '-c', 'node-inspector --web-port=8888' ]
12 silly lifecycle eat-record@1.0.3~debug: Returned: code: 1  signal: null
13 info lifecycle eat-record@1.0.3~debug: Failed to exec debug script
14 verbose stack Error: eat-record@1.0.3 debug: `node-inspector --web-port=8888`
14 verbose stack Exit status 1
14 verbose stack     at EventEmitter.<anonymous> (/usr/local/lib/node_modules/npm/lib/utils/lifecycle.js:242:16)
14 verbose stack     at emitTwo (events.js:106:13)
14 verbose stack     at EventEmitter.emit (events.js:194:7)
14 verbose stack     at ChildProcess.<anonymous> (/usr/local/lib/node_modules/npm/lib/utils/spawn.js:40:14)
14 verbose stack     at emitTwo (events.js:106:13)
14 verbose stack     at ChildProcess.emit (events.js:194:7)
14 verbose stack     at maybeClose (internal/child_process.js:899:16)
14 verbose stack     at Process.ChildProcess._handle.onexit (internal/child_process.js:226:5)
15 verbose pkgid eat-record@1.0.3
16 verbose cwd /Users/kk/tests/eat-record
17 error Darwin 16.5.0
18 error argv "/usr/local/bin/node" "/usr/local/bin/npm" "run" "debug"
19 error node v7.10.0
20 error npm  v3.10.3
21 error code ELIFECYCLE
22 error eat-record@1.0.3 debug: `node-inspector --web-port=8888`
22 error Exit status 1
23 error Failed at the eat-record@1.0.3 debug script 'node-inspector --web-port=8888'.
23 error Make sure you have the latest version of node.js and npm installed.
23 error If you do, this is most likely a problem with the eat-record package,
23 error not with npm itself.
23 error Tell the author that this fails on your system:
23 error     node-inspector --web-port=8888
23 error You can get information on how to open an issue for this project with:
23 error     npm bugs eat-record
23 error Or if that isn't available, you can get their info via:
23 error     npm owner ls eat-record
23 error There is likely additional logging output above.
24 verbose exit [ 1, true ]
